<?xml version="1.0" encoding="UTF-8"?>
<!-- Generated by org.testng.reporters.JUnitXMLReporter -->
<testsuite ignored="0" hostname="DESKTOP-ROBIRPP" failures="0" tests="4" name="Default test" time="34.157" errors="0" timestamp="2026-01-18T16:45:41 IST">
  <testcase classname="TestPack.TestClass" name="TestA" time="4.072"/>
  <testcase classname="TestPack.TestClass" name="TestB" time="4.382"/>
  <testcase classname="TestPack.TestClass" name="TestC" time="1.989"/>
  <testcase classname="TestPack.TestClass" name="TestD" time="2.951"/>
</testsuite> <!-- Default test -->
