<?xml version="1.0" encoding="UTF-8"?>
<!-- Generated by org.testng.reporters.JUnitReportReporter -->
<testsuite hostname="DESKTOP-ROBIRPP" failures="0" tests="4" name="TestPack.TestClass" time="13.394" errors="0" timestamp="2026-01-18T16:45:41 IST" skipped="0">
  <testcase classname="TestPack.TestClass" name="TestA" time="4.072"/>
  <system-out/>
  <testcase classname="TestPack.TestClass" name="TestB" time="4.382"/>
  <system-out/>
  <testcase classname="TestPack.TestClass" name="TestD" time="2.951"/>
  <system-out/>
  <testcase classname="TestPack.TestClass" name="TestC" time="1.989"/>
  <system-out/>
</testsuite> <!-- TestPack.TestClass -->
